mode: set
github.com/cristovaoolegario/orders-tracker-cli/internal/pkg/cli/correios/format/correios_format.go:12.67,15.2 2 1
github.com/cristovaoolegario/orders-tracker-cli/internal/pkg/cli/correios/format/correios_format.go:18.48,20.16 2 1
github.com/cristovaoolegario/orders-tracker-cli/internal/pkg/cli/correios/format/correios_format.go:23.2,23.72 1 1
github.com/cristovaoolegario/orders-tracker-cli/internal/pkg/cli/correios/format/correios_format.go:20.16,22.3 1 1
github.com/cristovaoolegario/orders-tracker-cli/internal/pkg/cli/components/item.go:9.30,9.47 1 1
github.com/cristovaoolegario/orders-tracker-cli/internal/pkg/cli/components/item.go:12.36,12.53 1 1
github.com/cristovaoolegario/orders-tracker-cli/internal/pkg/cli/components/item.go:15.36,15.53 1 1
github.com/cristovaoolegario/orders-tracker-cli/internal/pkg/http/services/correios_service.go:27.64,31.2 1 1
github.com/cristovaoolegario/orders-tracker-cli/internal/pkg/http/services/correios_service.go:34.97,37.16 3 1
github.com/cristovaoolegario/orders-tracker-cli/internal/pkg/http/services/correios_service.go:40.2,43.16 4 1
github.com/cristovaoolegario/orders-tracker-cli/internal/pkg/http/services/correios_service.go:46.2,48.16 3 1
github.com/cristovaoolegario/orders-tracker-cli/internal/pkg/http/services/correios_service.go:51.2,53.48 3 1
github.com/cristovaoolegario/orders-tracker-cli/internal/pkg/http/services/correios_service.go:57.2,57.29 1 1
github.com/cristovaoolegario/orders-tracker-cli/internal/pkg/http/services/correios_service.go:37.16,39.3 1 1
github.com/cristovaoolegario/orders-tracker-cli/internal/pkg/http/services/correios_service.go:43.16,45.3 1 0
github.com/cristovaoolegario/orders-tracker-cli/internal/pkg/http/services/correios_service.go:48.16,50.3 1 0
github.com/cristovaoolegario/orders-tracker-cli/internal/pkg/http/services/correios_service.go:53.48,56.3 2 0
github.com/cristovaoolegario/orders-tracker-cli/internal/pkg/cli/correios/correios_tui.go:33.64,38.2 1 1
github.com/cristovaoolegario/orders-tracker-cli/internal/pkg/cli/correios/correios_tui.go:40.31,45.2 1 1
github.com/cristovaoolegario/orders-tracker-cli/internal/pkg/cli/correios/correios_tui.go:47.34,48.24 1 1
github.com/cristovaoolegario/orders-tracker-cli/internal/pkg/cli/correios/correios_tui.go:48.24,51.3 2 0
github.com/cristovaoolegario/orders-tracker-cli/internal/pkg/cli/correios/correios_tui.go:54.57,55.27 1 1
github.com/cristovaoolegario/orders-tracker-cli/internal/pkg/cli/correios/correios_tui.go:71.2,73.26 3 1
github.com/cristovaoolegario/orders-tracker-cli/internal/pkg/cli/correios/correios_tui.go:57.18,58.31 1 1
github.com/cristovaoolegario/orders-tracker-cli/internal/pkg/cli/correios/correios_tui.go:61.19,65.39 4 1
github.com/cristovaoolegario/orders-tracker-cli/internal/pkg/cli/correios/correios_tui.go:66.25,68.62 2 1
github.com/cristovaoolegario/orders-tracker-cli/internal/pkg/cli/correios/correios_tui.go:58.31,60.4 1 1
github.com/cristovaoolegario/orders-tracker-cli/internal/pkg/cli/correios/correios_tui.go:76.30,78.2 1 1
github.com/cristovaoolegario/orders-tracker-cli/internal/pkg/cli/correios/correios_tui.go:80.46,86.34 4 0
github.com/cristovaoolegario/orders-tracker-cli/internal/pkg/cli/correios/correios_tui.go:86.34,89.3 2 0
github.com/cristovaoolegario/orders-tracker-cli/internal/pkg/cli/correios/correios_tui.go:92.43,101.2 8 1
github.com/cristovaoolegario/orders-tracker-cli/internal/pkg/cli/correios/correios_tui.go:103.82,105.16 2 1
github.com/cristovaoolegario/orders-tracker-cli/internal/pkg/cli/correios/correios_tui.go:122.2,122.19 1 1
github.com/cristovaoolegario/orders-tracker-cli/internal/pkg/cli/correios/correios_tui.go:105.16,106.52 1 1
github.com/cristovaoolegario/orders-tracker-cli/internal/pkg/cli/correios/correios_tui.go:106.52,112.4 2 1
github.com/cristovaoolegario/orders-tracker-cli/internal/pkg/cli/correios/correios_tui.go:113.8,120.3 1 1
github.com/cristovaoolegario/orders-tracker-cli/internal/pkg/cli/correios/correios_cli.go:17.59,19.2 1 1
github.com/cristovaoolegario/orders-tracker-cli/internal/pkg/cli/correios/correios_cli.go:22.59,25.2 2 1
github.com/cristovaoolegario/orders-tracker-cli/internal/pkg/cli/correios/correios_cli.go:27.75,29.16 2 1
github.com/cristovaoolegario/orders-tracker-cli/internal/pkg/cli/correios/correios_cli.go:37.2,37.21 1 1
github.com/cristovaoolegario/orders-tracker-cli/internal/pkg/cli/correios/correios_cli.go:29.16,30.52 1 1
github.com/cristovaoolegario/orders-tracker-cli/internal/pkg/cli/correios/correios_cli.go:30.52,32.4 1 1
github.com/cristovaoolegario/orders-tracker-cli/internal/pkg/cli/correios/correios_cli.go:33.8,35.3 1 1
